<?xml version="1.0" encoding="UTF-8" ?>
<testsuite tests="6" failures="0" name="org.beanplanet.restclient.domain.http.HttpRequestTest" time="0.34" errors="0" skipped="0">
  <properties>
[...]
</properties>
  <testcase classname="org.beanplanet.restclient.domain.http.HttpRequestTest" name="getRequestUriCanIncludePathParametersWhichAreEncodedCorrectly" time="0.017"/>
  <testcase classname="org.beanplanet.restclient.domain.http.HttpRequestTest" name="getRequestUriWithBaseUriPathIsJoinedWithSpecificPath" time="0.001"/>
  <testcase classname="org.beanplanet.restclient.domain.http.HttpRequestTest" name="getRequestUriWithBaseUriQueryParamsAreJoinedWithSpecificQueryParams" time="0.052"/>
  <testcase classname="org.beanplanet.restclient.domain.http.HttpRequestTest" name="properties" time="0.268"/>
  <testcase classname="org.beanplanet.restclient.domain.http.HttpRequestTest" name="getRequestUriWithBaseUri" time="0"/>
  <testcase classname="org.beanplanet.restclient.domain.http.HttpRequestTest" name="getRequestUriWithBaseUriOverriddenWithSpecificSchemeHostnameAndPort" time="0.002"/>
</testsuite>